[debug] [2025-08-28T15:57:18.049Z] ----------------------------------------------------------------------
[debug] [2025-08-28T15:57:18.054Z] Command:       C:\Program Files\nodejs\node.exe C:\Users\harsh\AppData\Roaming\npm\node_modules\firebase-tools\lib\bin\firebase.js init
[debug] [2025-08-28T15:57:18.055Z] CLI Version:   14.14.0
[debug] [2025-08-28T15:57:18.055Z] Platform:      win32
[debug] [2025-08-28T15:57:18.055Z] Node Version:  v22.16.0
[debug] [2025-08-28T15:57:18.056Z] Time:          Thu Aug 28 2025 21:27:18 GMT+0530 (India Standard Time)
[debug] [2025-08-28T15:57:18.056Z] ----------------------------------------------------------------------
[debug] 
[debug] [2025-08-28T15:57:18.459Z] > command requires scopes: ["email","openid","https://www.googleapis.com/auth/cloudplatformprojects.readonly","https://www.googleapis.com/auth/firebase","https://www.googleapis.com/auth/cloud-platform"]
[debug] [2025-08-28T15:57:18.460Z] > authorizing via signed-in user (harshithapoojari123@gmail.com)
[info] 
     ######## #### ########  ######## ########     ###     ######  ########
     ##        ##  ##     ## ##       ##     ##  ##   ##  ##       ##
     ######    ##  ########  ######   ########  #########  ######  ######
     ##        ##  ##    ##  ##       ##     ## ##     ##       ## ##
     ##       #### ##     ## ######## ########  ##     ##  ######  ########

You're about to initialize a Firebase project in this directory:

  C:\Users\harsh\Downloads\streaming-platform

Before we get started, keep in mind:

  * You are initializing within an existing Firebase project directory

[info] 
=== Project Setup
[info] 
[info] First, let's associate this project directory with a Firebase project.
[info] You can create multiple project aliases by running firebase use --add, 
[info] but for now we'll just set up a default project.
[info] 
[debug] [2025-08-28T15:57:38.822Z] Using project from CLI flag: mojiflix-e3f49
[debug] [2025-08-28T15:57:38.824Z] Checked if tokens are valid: true, expires at: 1756400055486
[debug] [2025-08-28T15:57:38.824Z] Checked if tokens are valid: true, expires at: 1756400055486
[debug] [2025-08-28T15:57:38.826Z] >>> [apiv2][query] GET https://firebase.googleapis.com/v1beta1/projects/mojiflix-e3f49 [none]
[debug] [2025-08-28T15:57:39.619Z] <<< [apiv2][status] GET https://firebase.googleapis.com/v1beta1/projects/mojiflix-e3f49 200
[debug] [2025-08-28T15:57:39.619Z] <<< [apiv2][body] GET https://firebase.googleapis.com/v1beta1/projects/mojiflix-e3f49 {"projectId":"mojiflix-e3f49","projectNumber":"336781949592","displayName":"MojiFlix","name":"projects/mojiflix-e3f49","resources":{"hostingSite":"mojiflix-e3f49","realtimeDatabaseInstance":"mojiflix-e3f49-default-rtdb"},"state":"ACTIVE","etag":"1_082f4d8e-c72d-41c5-843a-8283b26dd249"}
[info] i  Using project mojiflix-e3f49 (MojiFlix) 
[info] 
=== Hosting Setup
[debug] [2025-08-28T15:57:39.921Z] Checked if tokens are valid: true, expires at: 1756400055486
[debug] [2025-08-28T15:57:39.921Z] Checked if tokens are valid: true, expires at: 1756400055486
[debug] [2025-08-28T15:57:39.921Z] >>> [apiv2][query] GET https://firebase.googleapis.com/v1beta1/projects/mojiflix-e3f49 [none]
[debug] [2025-08-28T15:57:40.372Z] <<< [apiv2][status] GET https://firebase.googleapis.com/v1beta1/projects/mojiflix-e3f49 200
[debug] [2025-08-28T15:57:40.372Z] <<< [apiv2][body] GET https://firebase.googleapis.com/v1beta1/projects/mojiflix-e3f49 {"projectId":"mojiflix-e3f49","projectNumber":"336781949592","displayName":"MojiFlix","name":"projects/mojiflix-e3f49","resources":{"hostingSite":"mojiflix-e3f49","realtimeDatabaseInstance":"mojiflix-e3f49-default-rtdb"},"state":"ACTIVE","etag":"1_082f4d8e-c72d-41c5-843a-8283b26dd249"}
[info] 
[info] Your public directory is the folder (relative to your project directory) that
[info] will contain Hosting assets to be uploaded with firebase deploy. If you
[info] have a build process for your assets, use your build's output directory.
[info] 
[debug] [2025-08-28T15:59:35.025Z] ExitPromptError: User force closed the prompt with SIGINT
    at Interface.sigint (C:\Users\harsh\AppData\Roaming\npm\node_modules\firebase-tools\node_modules\@inquirer\core\dist\commonjs\lib\create-prompt.js:101:37)
    at Interface.emit (node:events:518:28)
    at Interface.emit (node:domain:489:12)
    at [_ttyWrite] [as _ttyWrite] (node:internal/readline/interface:1128:18)
    at ReadStream.onkeypress (node:internal/readline/interface:267:20)
    at ReadStream.emit (node:events:530:35)
    at ReadStream.emit (node:domain:489:12)
    at emitKeys (node:internal/readline/utils:370:14)
    at emitKeys.next (<anonymous>)
    at ReadStream.onData (node:internal/readline/emitKeypressEvents:64:36)
[error] 
[error] Error: An unexpected error has occurred.
